#! /usr/local/Cellar/icarus-verilog/10.3/bin/vvp
:ivl_version "10.3 (stable)" "(v10_3)";
:ivl_delay_selection "TYPICAL";
:vpi_time_precision - 9;
:vpi_module "system";
:vpi_module "vhdl_sys";
:vpi_module "v2005_math";
:vpi_module "va_math";
S_0x7fe6c7c08fd0 .scope module, "MultS4Bits_tb" "MultS4Bits_tb" 2 4;
 .timescale -6 -9;
v0x7fe6c7c24d60_0 .var/i "i", 31 0;
v0x7fe6c7c24e20_0 .var/i "j", 31 0;
v0x7fe6c7c24ec0_0 .var/i "m0", 31 0;
v0x7fe6c7c24f70_0 .var/i "m1", 31 0;
v0x7fe6c7c25020_0 .var/i "p", 31 0;
v0x7fe6c7c25110_0 .net "prod", 7 0, L_0x7fe6c7c2ec40;  1 drivers
v0x7fe6c7c251b0_0 .var "x", 3 0;
v0x7fe6c7c25260_0 .var "y", 3 0;
S_0x7fe6c7c095b0 .scope module, "mult_4bits0" "MultS4Bits" 2 9, 3 1 0, S_0x7fe6c7c08fd0;
 .timescale 0 0;
    .port_info 0 /INPUT 4 "x"
    .port_info 1 /INPUT 4 "y"
    .port_info 2 /OUTPUT 8 "prod"
L_0x109653008 .functor BUFT 1, C4<1>, C4<0>, C4<0>, C4<0>;
v0x7fe6c7c227a0_0 .net/2u *"_s0", 0 0, L_0x109653008;  1 drivers
v0x7fe6c7c22830_0 .net *"_s100", 7 0, L_0x7fe6c7c2e6e0;  1 drivers
v0x7fe6c7c228c0_0 .net *"_s102", 7 0, L_0x7fe6c7c2e930;  1 drivers
v0x7fe6c7c22950_0 .net *"_s11", 0 0, L_0x7fe6c7c256d0;  1 drivers
v0x7fe6c7c229e0_0 .net *"_s13", 0 0, L_0x7fe6c7c25820;  1 drivers
v0x7fe6c7c22ac0_0 .net *"_s14", 3 0, L_0x7fe6c7c258c0;  1 drivers
L_0x109653050 .functor BUFT 1, C4<0000>, C4<0>, C4<0>, C4<0>;
v0x7fe6c7c22b70_0 .net/2u *"_s16", 3 0, L_0x109653050;  1 drivers
L_0x109653098 .functor BUFT 1, C4<1>, C4<0>, C4<0>, C4<0>;
v0x7fe6c7c22c20_0 .net/2u *"_s20", 0 0, L_0x109653098;  1 drivers
v0x7fe6c7c22cd0_0 .net *"_s23", 0 0, L_0x7fe6c7c25c50;  1 drivers
v0x7fe6c7c22de0_0 .net *"_s25", 0 0, L_0x7fe6c7c25d80;  1 drivers
v0x7fe6c7c22e80_0 .net *"_s27", 0 0, L_0x7fe6c7c25e20;  1 drivers
v0x7fe6c7c22f30_0 .net *"_s29", 0 0, L_0x7fe6c7c25f20;  1 drivers
v0x7fe6c7c22fd0_0 .net *"_s3", 0 0, L_0x7fe6c7c25330;  1 drivers
v0x7fe6c7c23080_0 .net *"_s31", 0 0, L_0x7fe6c7c25fc0;  1 drivers
v0x7fe6c7c23130_0 .net *"_s33", 0 0, L_0x7fe6c7c26150;  1 drivers
v0x7fe6c7c231d0_0 .net *"_s34", 3 0, L_0x7fe6c7c261f0;  1 drivers
L_0x1096530e0 .functor BUFT 1, C4<0000>, C4<0>, C4<0>, C4<0>;
v0x7fe6c7c23280_0 .net/2u *"_s36", 3 0, L_0x1096530e0;  1 drivers
v0x7fe6c7c23410_0 .net *"_s41", 0 0, L_0x7fe6c7c281c0;  1 drivers
L_0x1096533f8 .functor BUFT 1, C4<0>, C4<0>, C4<0>, C4<0>;
v0x7fe6c7c234a0_0 .net/2u *"_s42", 0 0, L_0x1096533f8;  1 drivers
L_0x109653440 .functor BUFT 1, C4<0>, C4<0>, C4<0>, C4<0>;
v0x7fe6c7c23550_0 .net/2u *"_s44", 0 0, L_0x109653440;  1 drivers
L_0x109653488 .functor BUFT 1, C4<0>, C4<0>, C4<0>, C4<0>;
v0x7fe6c7c23600_0 .net/2u *"_s46", 0 0, L_0x109653488;  1 drivers
v0x7fe6c7c236b0_0 .net *"_s5", 0 0, L_0x7fe6c7c25430;  1 drivers
v0x7fe6c7c23750_0 .net *"_s51", 0 0, L_0x7fe6c7c28490;  1 drivers
L_0x1096534d0 .functor BUFT 1, C4<0>, C4<0>, C4<0>, C4<0>;
v0x7fe6c7c23800_0 .net/2u *"_s52", 0 0, L_0x1096534d0;  1 drivers
L_0x109653518 .functor BUFT 1, C4<0>, C4<0>, C4<0>, C4<0>;
v0x7fe6c7c238b0_0 .net/2u *"_s54", 0 0, L_0x109653518;  1 drivers
L_0x109653560 .functor BUFT 1, C4<0>, C4<0>, C4<0>, C4<0>;
v0x7fe6c7c23960_0 .net/2u *"_s56", 0 0, L_0x109653560;  1 drivers
v0x7fe6c7c23a10_0 .net *"_s61", 0 0, L_0x7fe6c7c2a350;  1 drivers
L_0x109653878 .functor BUFT 1, C4<0>, C4<0>, C4<0>, C4<0>;
v0x7fe6c7c23ac0_0 .net/2u *"_s62", 0 0, L_0x109653878;  1 drivers
L_0x1096538c0 .functor BUFT 1, C4<0>, C4<0>, C4<0>, C4<0>;
v0x7fe6c7c23b70_0 .net/2u *"_s64", 0 0, L_0x1096538c0;  1 drivers
L_0x109653908 .functor BUFT 1, C4<0>, C4<0>, C4<0>, C4<0>;
v0x7fe6c7c23c20_0 .net/2u *"_s66", 0 0, L_0x109653908;  1 drivers
v0x7fe6c7c23cd0_0 .net *"_s7", 0 0, L_0x7fe6c7c25510;  1 drivers
v0x7fe6c7c23d80_0 .net *"_s71", 0 0, L_0x7fe6c7c2c310;  1 drivers
L_0x109653c20 .functor BUFT 1, C4<0>, C4<0>, C4<0>, C4<0>;
v0x7fe6c7c23e30_0 .net/2u *"_s72", 0 0, L_0x109653c20;  1 drivers
L_0x109653c68 .functor BUFT 1, C4<0>, C4<0>, C4<0>, C4<0>;
v0x7fe6c7c23330_0 .net/2u *"_s74", 0 0, L_0x109653c68;  1 drivers
L_0x109653cb0 .functor BUFT 1, C4<0>, C4<0>, C4<0>, C4<0>;
v0x7fe6c7c240c0_0 .net/2u *"_s76", 0 0, L_0x109653cb0;  1 drivers
L_0x109653fc8 .functor BUFT 1, C4<0>, C4<0>, C4<0>, C4<0>;
v0x7fe6c7c24150_0 .net/2u *"_s80", 0 0, L_0x109653fc8;  1 drivers
v0x7fe6c7c241f0_0 .net *"_s83", 0 0, L_0x7fe6c7c2e210;  1 drivers
v0x7fe6c7c242a0_0 .net *"_s85", 0 0, L_0x7fe6c7c2e380;  1 drivers
v0x7fe6c7c24350_0 .net *"_s87", 0 0, L_0x7fe6c7c2c3b0;  1 drivers
v0x7fe6c7c24400_0 .net *"_s9", 0 0, L_0x7fe6c7c255d0;  1 drivers
L_0x109654010 .functor BUFT 1, C4<0>, C4<0>, C4<0>, C4<0>;
v0x7fe6c7c244a0_0 .net/2u *"_s90", 0 0, L_0x109654010;  1 drivers
v0x7fe6c7c24550_0 .net *"_s93", 0 0, L_0x7fe6c7c2e2b0;  1 drivers
v0x7fe6c7c24600_0 .net *"_s95", 0 0, L_0x7fe6c7c2e790;  1 drivers
v0x7fe6c7c246b0_0 .net *"_s97", 0 0, L_0x7fe6c7c2e520;  1 drivers
v0x7fe6c7c24760_0 .net "off_xy", 7 0, L_0x7fe6c7c2e000;  1 drivers
v0x7fe6c7c24820_0 .net "offset_x", 3 0, L_0x7fe6c7c25ad0;  1 drivers
v0x7fe6c7c248b0_0 .net "offset_y", 3 0, L_0x7fe6c7c263d0;  1 drivers
v0x7fe6c7c24940_0 .net "prod", 7 0, L_0x7fe6c7c2ec40;  alias, 1 drivers
v0x7fe6c7c249d0_0 .net "sign_xoff_y", 7 0, L_0x7fe6c7c2a140;  1 drivers
v0x7fe6c7c24a60_0 .net "sign_xy", 7 0, L_0x7fe6c7c27fb0;  1 drivers
v0x7fe6c7c24b10_0 .net "sign_yoff_x", 7 0, L_0x7fe6c7c2c100;  1 drivers
v0x7fe6c7c24bc0_0 .net "x", 3 0, v0x7fe6c7c251b0_0;  1 drivers
v0x7fe6c7c24c60_0 .net "y", 3 0, v0x7fe6c7c25260_0;  1 drivers
L_0x7fe6c7c25330 .part v0x7fe6c7c251b0_0, 2, 1;
L_0x7fe6c7c25430 .reduce/nor L_0x7fe6c7c25330;
L_0x7fe6c7c25510 .part v0x7fe6c7c251b0_0, 1, 1;
L_0x7fe6c7c255d0 .reduce/nor L_0x7fe6c7c25510;
L_0x7fe6c7c256d0 .part v0x7fe6c7c251b0_0, 0, 1;
L_0x7fe6c7c25820 .reduce/nor L_0x7fe6c7c256d0;
L_0x7fe6c7c258c0 .concat [ 1 1 1 1], L_0x7fe6c7c25820, L_0x7fe6c7c255d0, L_0x7fe6c7c25430, L_0x109653008;
L_0x7fe6c7c25ad0 .arith/sum 4, L_0x7fe6c7c258c0, L_0x109653050;
L_0x7fe6c7c25c50 .part v0x7fe6c7c25260_0, 2, 1;
L_0x7fe6c7c25d80 .reduce/nor L_0x7fe6c7c25c50;
L_0x7fe6c7c25e20 .part v0x7fe6c7c25260_0, 1, 1;
L_0x7fe6c7c25f20 .reduce/nor L_0x7fe6c7c25e20;
L_0x7fe6c7c25fc0 .part v0x7fe6c7c25260_0, 0, 1;
L_0x7fe6c7c26150 .reduce/nor L_0x7fe6c7c25fc0;
L_0x7fe6c7c261f0 .concat [ 1 1 1 1], L_0x7fe6c7c26150, L_0x7fe6c7c25f20, L_0x7fe6c7c25d80, L_0x109653098;
L_0x7fe6c7c263d0 .arith/sum 4, L_0x7fe6c7c261f0, L_0x1096530e0;
L_0x7fe6c7c281c0 .part v0x7fe6c7c251b0_0, 3, 1;
L_0x7fe6c7c283f0 .concat [ 1 1 1 1], L_0x109653488, L_0x109653440, L_0x1096533f8, L_0x7fe6c7c281c0;
L_0x7fe6c7c28490 .part v0x7fe6c7c25260_0, 3, 1;
L_0x7fe6c7c285d0 .concat [ 1 1 1 1], L_0x109653560, L_0x109653518, L_0x1096534d0, L_0x7fe6c7c28490;
L_0x7fe6c7c2a350 .part v0x7fe6c7c251b0_0, 3, 1;
L_0x7fe6c7c28530 .concat [ 1 1 1 1], L_0x109653908, L_0x1096538c0, L_0x109653878, L_0x7fe6c7c2a350;
L_0x7fe6c7c2c310 .part v0x7fe6c7c25260_0, 3, 1;
L_0x7fe6c7c2a3f0 .concat [ 1 1 1 1], L_0x109653cb0, L_0x109653c68, L_0x109653c20, L_0x7fe6c7c2c310;
L_0x7fe6c7c2e210 .part v0x7fe6c7c251b0_0, 2, 1;
L_0x7fe6c7c2e380 .part v0x7fe6c7c251b0_0, 1, 1;
L_0x7fe6c7c2c3b0 .part v0x7fe6c7c251b0_0, 0, 1;
L_0x7fe6c7c2e600 .concat [ 1 1 1 1], L_0x7fe6c7c2c3b0, L_0x7fe6c7c2e380, L_0x7fe6c7c2e210, L_0x109653fc8;
L_0x7fe6c7c2e2b0 .part v0x7fe6c7c25260_0, 2, 1;
L_0x7fe6c7c2e790 .part v0x7fe6c7c25260_0, 1, 1;
L_0x7fe6c7c2e520 .part v0x7fe6c7c25260_0, 0, 1;
L_0x7fe6c7c2ea30 .concat [ 1 1 1 1], L_0x7fe6c7c2e520, L_0x7fe6c7c2e790, L_0x7fe6c7c2e2b0, L_0x109654010;
L_0x7fe6c7c2e6e0 .arith/sum 8, L_0x7fe6c7c27fb0, L_0x7fe6c7c2a140;
L_0x7fe6c7c2e930 .arith/sum 8, L_0x7fe6c7c2e6e0, L_0x7fe6c7c2c100;
L_0x7fe6c7c2ec40 .arith/sum 8, L_0x7fe6c7c2e930, L_0x7fe6c7c2e000;
S_0x7fe6c7c09710 .scope module, "mult1" "MultU4Bits" 3 15, 4 1 0, S_0x7fe6c7c095b0;
 .timescale 0 0;
    .port_info 0 /INPUT 4 "x"
    .port_info 1 /INPUT 4 "y"
    .port_info 2 /OUTPUT 8 "prod"
L_0x109653170 .functor BUFT 1, C4<0>, C4<0>, C4<0>, C4<0>;
v0x7fe6c7c1a5b0_0 .net *"_s12", 0 0, L_0x109653170;  1 drivers
L_0x1096531b8 .functor BUFT 1, C4<0>, C4<0>, C4<0>, C4<0>;
v0x7fe6c7c1a670_0 .net/2u *"_s14", 0 0, L_0x1096531b8;  1 drivers
v0x7fe6c7c1a720_0 .net *"_s16", 4 0, L_0x7fe6c7c27310;  1 drivers
v0x7fe6c7c1a7e0_0 .net *"_s18", 5 0, L_0x7fe6c7c27490;  1 drivers
L_0x109653200 .functor BUFT 1, C4<0>, C4<0>, C4<0>, C4<0>;
v0x7fe6c7c1a890_0 .net *"_s21", 0 0, L_0x109653200;  1 drivers
L_0x109653248 .functor BUFT 1, C4<0>, C4<0>, C4<0>, C4<0>;
v0x7fe6c7c1a980_0 .net/2u *"_s24", 0 0, L_0x109653248;  1 drivers
v0x7fe6c7c1aa30_0 .net *"_s27", 4 0, L_0x7fe6c7c277c0;  1 drivers
v0x7fe6c7c1aae0_0 .net *"_s29", 5 0, L_0x7fe6c7c27860;  1 drivers
L_0x109653290 .functor BUFT 1, C4<0>, C4<0>, C4<0>, C4<0>;
v0x7fe6c7c1ab90_0 .net *"_s32", 0 0, L_0x109653290;  1 drivers
L_0x1096532d8 .functor BUFT 1, C4<0>, C4<0>, C4<0>, C4<0>;
v0x7fe6c7c1aca0_0 .net/2u *"_s34", 0 0, L_0x1096532d8;  1 drivers
v0x7fe6c7c1ad50_0 .net *"_s36", 4 0, L_0x7fe6c7c279e0;  1 drivers
v0x7fe6c7c1ae00_0 .net *"_s38", 5 0, L_0x7fe6c7c27ac0;  1 drivers
L_0x109653128 .functor BUFT 1, C4<0>, C4<0>, C4<0>, C4<0>;
v0x7fe6c7c1aeb0_0 .net/2u *"_s4", 0 0, L_0x109653128;  1 drivers
L_0x109653320 .functor BUFT 1, C4<0>, C4<0>, C4<0>, C4<0>;
v0x7fe6c7c1af60_0 .net *"_s41", 0 0, L_0x109653320;  1 drivers
L_0x109653368 .functor BUFT 1, C4<00>, C4<0>, C4<0>, C4<0>;
v0x7fe6c7c1b010_0 .net/2u *"_s44", 1 0, L_0x109653368;  1 drivers
v0x7fe6c7c1b0c0_0 .net *"_s46", 7 0, L_0x7fe6c7c27d30;  1 drivers
L_0x1096533b0 .functor BUFT 1, C4<00>, C4<0>, C4<0>, C4<0>;
v0x7fe6c7c1b170_0 .net/2u *"_s48", 1 0, L_0x1096533b0;  1 drivers
v0x7fe6c7c1b300_0 .net *"_s50", 7 0, L_0x7fe6c7c27ed0;  1 drivers
v0x7fe6c7c1b390_0 .net *"_s7", 4 0, L_0x7fe6c7c27080;  1 drivers
v0x7fe6c7c1b440_0 .net *"_s9", 5 0, L_0x7fe6c7c271f0;  1 drivers
v0x7fe6c7c1b4f0 .array "pp", 3 0;
v0x7fe6c7c1b4f0_0 .net v0x7fe6c7c1b4f0 0, 3 0, L_0x7fe6c7c26670; 1 drivers
v0x7fe6c7c1b4f0_1 .net v0x7fe6c7c1b4f0 1, 3 0, L_0x7fe6c7c26950; 1 drivers
v0x7fe6c7c1b4f0_2 .net v0x7fe6c7c1b4f0 2, 3 0, L_0x7fe6c7c26c50; 1 drivers
v0x7fe6c7c1b4f0_3 .net v0x7fe6c7c1b4f0 3, 3 0, L_0x7fe6c7c26f70; 1 drivers
v0x7fe6c7c1b5f0_0 .net "prod", 7 0, L_0x7fe6c7c27fb0;  alias, 1 drivers
v0x7fe6c7c1b6a0_0 .net "sum0", 5 0, L_0x7fe6c7c275b0;  1 drivers
v0x7fe6c7c1b750_0 .net "sum1", 5 0, L_0x7fe6c7c27c50;  1 drivers
v0x7fe6c7c1b800_0 .net "x", 3 0, L_0x7fe6c7c283f0;  1 drivers
v0x7fe6c7c1b8b0_0 .net "y", 3 0, L_0x7fe6c7c285d0;  1 drivers
L_0x7fe6c7c264b0 .part L_0x7fe6c7c285d0, 0, 1;
L_0x7fe6c7c266e0 .part L_0x7fe6c7c285d0, 1, 1;
L_0x7fe6c7c26a20 .part L_0x7fe6c7c285d0, 2, 1;
L_0x7fe6c7c26ce0 .part L_0x7fe6c7c285d0, 3, 1;
L_0x7fe6c7c27080 .concat [ 4 1 0 0], L_0x7fe6c7c26670, L_0x109653128;
L_0x7fe6c7c271f0 .concat [ 5 1 0 0], L_0x7fe6c7c27080, L_0x109653170;
L_0x7fe6c7c27310 .concat [ 1 4 0 0], L_0x1096531b8, L_0x7fe6c7c26950;
L_0x7fe6c7c27490 .concat [ 5 1 0 0], L_0x7fe6c7c27310, L_0x109653200;
L_0x7fe6c7c275b0 .arith/sum 6, L_0x7fe6c7c271f0, L_0x7fe6c7c27490;
L_0x7fe6c7c277c0 .concat [ 4 1 0 0], L_0x7fe6c7c26c50, L_0x109653248;
L_0x7fe6c7c27860 .concat [ 5 1 0 0], L_0x7fe6c7c277c0, L_0x109653290;
L_0x7fe6c7c279e0 .concat [ 1 4 0 0], L_0x1096532d8, L_0x7fe6c7c26f70;
L_0x7fe6c7c27ac0 .concat [ 5 1 0 0], L_0x7fe6c7c279e0, L_0x109653320;
L_0x7fe6c7c27c50 .arith/sum 6, L_0x7fe6c7c27860, L_0x7fe6c7c27ac0;
L_0x7fe6c7c27d30 .concat [ 6 2 0 0], L_0x7fe6c7c275b0, L_0x109653368;
L_0x7fe6c7c27ed0 .concat [ 2 6 0 0], L_0x1096533b0, L_0x7fe6c7c27c50;
L_0x7fe6c7c27fb0 .arith/sum 8, L_0x7fe6c7c27d30, L_0x7fe6c7c27ed0;
S_0x7fe6c7c09870 .scope generate, "genblk1[0]" "genblk1[0]" 4 10, 4 10 0, S_0x7fe6c7c09710;
 .timescale 0 0;
P_0x7fe6c7c06f50 .param/l "i" 0 4 10, +C4<00>;
L_0x7fe6c7c26670 .functor AND 4, L_0x7fe6c7c26550, L_0x7fe6c7c283f0, C4<1111>, C4<1111>;
v0x7fe6c7c099d0_0 .net *"_s1", 0 0, L_0x7fe6c7c264b0;  1 drivers
v0x7fe6c7c199b0_0 .net *"_s2", 3 0, L_0x7fe6c7c26550;  1 drivers
L_0x7fe6c7c26550 .concat [ 1 1 1 1], L_0x7fe6c7c264b0, L_0x7fe6c7c264b0, L_0x7fe6c7c264b0, L_0x7fe6c7c264b0;
S_0x7fe6c7c19a60 .scope generate, "genblk1[1]" "genblk1[1]" 4 10, 4 10 0, S_0x7fe6c7c09710;
 .timescale 0 0;
P_0x7fe6c7c19c30 .param/l "i" 0 4 10, +C4<01>;
L_0x7fe6c7c26950 .functor AND 4, L_0x7fe6c7c267c0, L_0x7fe6c7c283f0, C4<1111>, C4<1111>;
v0x7fe6c7c19cc0_0 .net *"_s1", 0 0, L_0x7fe6c7c266e0;  1 drivers
v0x7fe6c7c19d70_0 .net *"_s2", 3 0, L_0x7fe6c7c267c0;  1 drivers
L_0x7fe6c7c267c0 .concat [ 1 1 1 1], L_0x7fe6c7c266e0, L_0x7fe6c7c266e0, L_0x7fe6c7c266e0, L_0x7fe6c7c266e0;
S_0x7fe6c7c19e20 .scope generate, "genblk1[2]" "genblk1[2]" 4 10, 4 10 0, S_0x7fe6c7c09710;
 .timescale 0 0;
P_0x7fe6c7c1a000 .param/l "i" 0 4 10, +C4<010>;
L_0x7fe6c7c26c50 .functor AND 4, L_0x7fe6c7c26ac0, L_0x7fe6c7c283f0, C4<1111>, C4<1111>;
v0x7fe6c7c1a090_0 .net *"_s1", 0 0, L_0x7fe6c7c26a20;  1 drivers
v0x7fe6c7c1a140_0 .net *"_s2", 3 0, L_0x7fe6c7c26ac0;  1 drivers
L_0x7fe6c7c26ac0 .concat [ 1 1 1 1], L_0x7fe6c7c26a20, L_0x7fe6c7c26a20, L_0x7fe6c7c26a20, L_0x7fe6c7c26a20;
S_0x7fe6c7c1a1f0 .scope generate, "genblk1[3]" "genblk1[3]" 4 10, 4 10 0, S_0x7fe6c7c09710;
 .timescale 0 0;
P_0x7fe6c7c1a3b0 .param/l "i" 0 4 10, +C4<011>;
L_0x7fe6c7c26f70 .functor AND 4, L_0x7fe6c7c26e00, L_0x7fe6c7c283f0, C4<1111>, C4<1111>;
v0x7fe6c7c1a450_0 .net *"_s1", 0 0, L_0x7fe6c7c26ce0;  1 drivers
v0x7fe6c7c1a500_0 .net *"_s2", 3 0, L_0x7fe6c7c26e00;  1 drivers
L_0x7fe6c7c26e00 .concat [ 1 1 1 1], L_0x7fe6c7c26ce0, L_0x7fe6c7c26ce0, L_0x7fe6c7c26ce0, L_0x7fe6c7c26ce0;
S_0x7fe6c7c1b9b0 .scope module, "mult2" "MultU4Bits" 3 16, 4 1 0, S_0x7fe6c7c095b0;
 .timescale 0 0;
    .port_info 0 /INPUT 4 "x"
    .port_info 1 /INPUT 4 "y"
    .port_info 2 /OUTPUT 8 "prod"
L_0x1096535f0 .functor BUFT 1, C4<0>, C4<0>, C4<0>, C4<0>;
v0x7fe6c7c1ca50_0 .net *"_s12", 0 0, L_0x1096535f0;  1 drivers
L_0x109653638 .functor BUFT 1, C4<0>, C4<0>, C4<0>, C4<0>;
v0x7fe6c7c1cb10_0 .net/2u *"_s14", 0 0, L_0x109653638;  1 drivers
v0x7fe6c7c1cbc0_0 .net *"_s16", 4 0, L_0x7fe6c7c294e0;  1 drivers
v0x7fe6c7c1cc80_0 .net *"_s18", 5 0, L_0x7fe6c7c29660;  1 drivers
L_0x109653680 .functor BUFT 1, C4<0>, C4<0>, C4<0>, C4<0>;
v0x7fe6c7c1cd30_0 .net *"_s21", 0 0, L_0x109653680;  1 drivers
L_0x1096536c8 .functor BUFT 1, C4<0>, C4<0>, C4<0>, C4<0>;
v0x7fe6c7c1ce20_0 .net/2u *"_s24", 0 0, L_0x1096536c8;  1 drivers
v0x7fe6c7c1ced0_0 .net *"_s27", 4 0, L_0x7fe6c7c29910;  1 drivers
v0x7fe6c7c1cf80_0 .net *"_s29", 5 0, L_0x7fe6c7c299f0;  1 drivers
L_0x109653710 .functor BUFT 1, C4<0>, C4<0>, C4<0>, C4<0>;
v0x7fe6c7c1d030_0 .net *"_s32", 0 0, L_0x109653710;  1 drivers
L_0x109653758 .functor BUFT 1, C4<0>, C4<0>, C4<0>, C4<0>;
v0x7fe6c7c1d140_0 .net/2u *"_s34", 0 0, L_0x109653758;  1 drivers
v0x7fe6c7c1d1f0_0 .net *"_s36", 4 0, L_0x7fe6c7c29b70;  1 drivers
v0x7fe6c7c1d2a0_0 .net *"_s38", 5 0, L_0x7fe6c7c29c50;  1 drivers
L_0x1096535a8 .functor BUFT 1, C4<0>, C4<0>, C4<0>, C4<0>;
v0x7fe6c7c1d350_0 .net/2u *"_s4", 0 0, L_0x1096535a8;  1 drivers
L_0x1096537a0 .functor BUFT 1, C4<0>, C4<0>, C4<0>, C4<0>;
v0x7fe6c7c1d400_0 .net *"_s41", 0 0, L_0x1096537a0;  1 drivers
L_0x1096537e8 .functor BUFT 1, C4<00>, C4<0>, C4<0>, C4<0>;
v0x7fe6c7c1d4b0_0 .net/2u *"_s44", 1 0, L_0x1096537e8;  1 drivers
v0x7fe6c7c1d560_0 .net *"_s46", 7 0, L_0x7fe6c7c29ec0;  1 drivers
L_0x109653830 .functor BUFT 1, C4<00>, C4<0>, C4<0>, C4<0>;
v0x7fe6c7c1d610_0 .net/2u *"_s48", 1 0, L_0x109653830;  1 drivers
v0x7fe6c7c1d7a0_0 .net *"_s50", 7 0, L_0x7fe6c7c2a060;  1 drivers
v0x7fe6c7c1d830_0 .net *"_s7", 4 0, L_0x7fe6c7c29270;  1 drivers
v0x7fe6c7c1d8e0_0 .net *"_s9", 5 0, L_0x7fe6c7c293c0;  1 drivers
v0x7fe6c7c1d990 .array "pp", 3 0;
v0x7fe6c7c1d990_0 .net v0x7fe6c7c1d990 0, 3 0, L_0x7fe6c7c288e0; 1 drivers
v0x7fe6c7c1d990_1 .net v0x7fe6c7c1d990 1, 3 0, L_0x7fe6c7c28bc0; 1 drivers
v0x7fe6c7c1d990_2 .net v0x7fe6c7c1d990 2, 3 0, L_0x7fe6c7c28ea0; 1 drivers
v0x7fe6c7c1d990_3 .net v0x7fe6c7c1d990 3, 3 0, L_0x7fe6c7c29160; 1 drivers
v0x7fe6c7c1da90_0 .net "prod", 7 0, L_0x7fe6c7c2a140;  alias, 1 drivers
v0x7fe6c7c1db40_0 .net "sum0", 5 0, L_0x7fe6c7c29780;  1 drivers
v0x7fe6c7c1dbf0_0 .net "sum1", 5 0, L_0x7fe6c7c29de0;  1 drivers
v0x7fe6c7c1dca0_0 .net "x", 3 0, L_0x7fe6c7c28530;  1 drivers
v0x7fe6c7c1dd50_0 .net "y", 3 0, L_0x7fe6c7c263d0;  alias, 1 drivers
L_0x7fe6c7c286b0 .part L_0x7fe6c7c263d0, 0, 1;
L_0x7fe6c7c28950 .part L_0x7fe6c7c263d0, 1, 1;
L_0x7fe6c7c28c70 .part L_0x7fe6c7c263d0, 2, 1;
L_0x7fe6c7c28f10 .part L_0x7fe6c7c263d0, 3, 1;
L_0x7fe6c7c29270 .concat [ 4 1 0 0], L_0x7fe6c7c288e0, L_0x1096535a8;
L_0x7fe6c7c293c0 .concat [ 5 1 0 0], L_0x7fe6c7c29270, L_0x1096535f0;
L_0x7fe6c7c294e0 .concat [ 1 4 0 0], L_0x109653638, L_0x7fe6c7c28bc0;
L_0x7fe6c7c29660 .concat [ 5 1 0 0], L_0x7fe6c7c294e0, L_0x109653680;
L_0x7fe6c7c29780 .arith/sum 6, L_0x7fe6c7c293c0, L_0x7fe6c7c29660;
L_0x7fe6c7c29910 .concat [ 4 1 0 0], L_0x7fe6c7c28ea0, L_0x1096536c8;
L_0x7fe6c7c299f0 .concat [ 5 1 0 0], L_0x7fe6c7c29910, L_0x109653710;
L_0x7fe6c7c29b70 .concat [ 1 4 0 0], L_0x109653758, L_0x7fe6c7c29160;
L_0x7fe6c7c29c50 .concat [ 5 1 0 0], L_0x7fe6c7c29b70, L_0x1096537a0;
L_0x7fe6c7c29de0 .arith/sum 6, L_0x7fe6c7c299f0, L_0x7fe6c7c29c50;
L_0x7fe6c7c29ec0 .concat [ 6 2 0 0], L_0x7fe6c7c29780, L_0x1096537e8;
L_0x7fe6c7c2a060 .concat [ 2 6 0 0], L_0x109653830, L_0x7fe6c7c29de0;
L_0x7fe6c7c2a140 .arith/sum 8, L_0x7fe6c7c29ec0, L_0x7fe6c7c2a060;
S_0x7fe6c7c1bb60 .scope generate, "genblk1[0]" "genblk1[0]" 4 10, 4 10 0, S_0x7fe6c7c1b9b0;
 .timescale 0 0;
P_0x7fe6c7c1bd10 .param/l "i" 0 4 10, +C4<00>;
L_0x7fe6c7c288e0 .functor AND 4, L_0x7fe6c7c28750, L_0x7fe6c7c28530, C4<1111>, C4<1111>;
v0x7fe6c7c1bda0_0 .net *"_s1", 0 0, L_0x7fe6c7c286b0;  1 drivers
v0x7fe6c7c1be50_0 .net *"_s2", 3 0, L_0x7fe6c7c28750;  1 drivers
L_0x7fe6c7c28750 .concat [ 1 1 1 1], L_0x7fe6c7c286b0, L_0x7fe6c7c286b0, L_0x7fe6c7c286b0, L_0x7fe6c7c286b0;
S_0x7fe6c7c1bf00 .scope generate, "genblk1[1]" "genblk1[1]" 4 10, 4 10 0, S_0x7fe6c7c1b9b0;
 .timescale 0 0;
P_0x7fe6c7c1c0d0 .param/l "i" 0 4 10, +C4<01>;
L_0x7fe6c7c28bc0 .functor AND 4, L_0x7fe6c7c28a70, L_0x7fe6c7c28530, C4<1111>, C4<1111>;
v0x7fe6c7c1c160_0 .net *"_s1", 0 0, L_0x7fe6c7c28950;  1 drivers
v0x7fe6c7c1c210_0 .net *"_s2", 3 0, L_0x7fe6c7c28a70;  1 drivers
L_0x7fe6c7c28a70 .concat [ 1 1 1 1], L_0x7fe6c7c28950, L_0x7fe6c7c28950, L_0x7fe6c7c28950, L_0x7fe6c7c28950;
S_0x7fe6c7c1c2c0 .scope generate, "genblk1[2]" "genblk1[2]" 4 10, 4 10 0, S_0x7fe6c7c1b9b0;
 .timescale 0 0;
P_0x7fe6c7c1c4a0 .param/l "i" 0 4 10, +C4<010>;
L_0x7fe6c7c28ea0 .functor AND 4, L_0x7fe6c7c28d10, L_0x7fe6c7c28530, C4<1111>, C4<1111>;
v0x7fe6c7c1c530_0 .net *"_s1", 0 0, L_0x7fe6c7c28c70;  1 drivers
v0x7fe6c7c1c5e0_0 .net *"_s2", 3 0, L_0x7fe6c7c28d10;  1 drivers
L_0x7fe6c7c28d10 .concat [ 1 1 1 1], L_0x7fe6c7c28c70, L_0x7fe6c7c28c70, L_0x7fe6c7c28c70, L_0x7fe6c7c28c70;
S_0x7fe6c7c1c690 .scope generate, "genblk1[3]" "genblk1[3]" 4 10, 4 10 0, S_0x7fe6c7c1b9b0;
 .timescale 0 0;
P_0x7fe6c7c1c850 .param/l "i" 0 4 10, +C4<011>;
L_0x7fe6c7c29160 .functor AND 4, L_0x7fe6c7c28fb0, L_0x7fe6c7c28530, C4<1111>, C4<1111>;
v0x7fe6c7c1c8f0_0 .net *"_s1", 0 0, L_0x7fe6c7c28f10;  1 drivers
v0x7fe6c7c1c9a0_0 .net *"_s2", 3 0, L_0x7fe6c7c28fb0;  1 drivers
L_0x7fe6c7c28fb0 .concat [ 1 1 1 1], L_0x7fe6c7c28f10, L_0x7fe6c7c28f10, L_0x7fe6c7c28f10, L_0x7fe6c7c28f10;
S_0x7fe6c7c1de50 .scope module, "mult3" "MultU4Bits" 3 17, 4 1 0, S_0x7fe6c7c095b0;
 .timescale 0 0;
    .port_info 0 /INPUT 4 "x"
    .port_info 1 /INPUT 4 "y"
    .port_info 2 /OUTPUT 8 "prod"
L_0x109653998 .functor BUFT 1, C4<0>, C4<0>, C4<0>, C4<0>;
v0x7fe6c7c1ef00_0 .net *"_s12", 0 0, L_0x109653998;  1 drivers
L_0x1096539e0 .functor BUFT 1, C4<0>, C4<0>, C4<0>, C4<0>;
v0x7fe6c7c1efc0_0 .net/2u *"_s14", 0 0, L_0x1096539e0;  1 drivers
v0x7fe6c7c1f070_0 .net *"_s16", 4 0, L_0x7fe6c7c2b4a0;  1 drivers
v0x7fe6c7c1f130_0 .net *"_s18", 5 0, L_0x7fe6c7c2b620;  1 drivers
L_0x109653a28 .functor BUFT 1, C4<0>, C4<0>, C4<0>, C4<0>;
v0x7fe6c7c1f1e0_0 .net *"_s21", 0 0, L_0x109653a28;  1 drivers
L_0x109653a70 .functor BUFT 1, C4<0>, C4<0>, C4<0>, C4<0>;
v0x7fe6c7c1f2d0_0 .net/2u *"_s24", 0 0, L_0x109653a70;  1 drivers
v0x7fe6c7c1f380_0 .net *"_s27", 4 0, L_0x7fe6c7c2b8d0;  1 drivers
v0x7fe6c7c1f430_0 .net *"_s29", 5 0, L_0x7fe6c7c2b9b0;  1 drivers
L_0x109653ab8 .functor BUFT 1, C4<0>, C4<0>, C4<0>, C4<0>;
v0x7fe6c7c1f4e0_0 .net *"_s32", 0 0, L_0x109653ab8;  1 drivers
L_0x109653b00 .functor BUFT 1, C4<0>, C4<0>, C4<0>, C4<0>;
v0x7fe6c7c1f5f0_0 .net/2u *"_s34", 0 0, L_0x109653b00;  1 drivers
v0x7fe6c7c1f6a0_0 .net *"_s36", 4 0, L_0x7fe6c7c2bb30;  1 drivers
v0x7fe6c7c1f750_0 .net *"_s38", 5 0, L_0x7fe6c7c2bc10;  1 drivers
L_0x109653950 .functor BUFT 1, C4<0>, C4<0>, C4<0>, C4<0>;
v0x7fe6c7c1f800_0 .net/2u *"_s4", 0 0, L_0x109653950;  1 drivers
L_0x109653b48 .functor BUFT 1, C4<0>, C4<0>, C4<0>, C4<0>;
v0x7fe6c7c1f8b0_0 .net *"_s41", 0 0, L_0x109653b48;  1 drivers
L_0x109653b90 .functor BUFT 1, C4<00>, C4<0>, C4<0>, C4<0>;
v0x7fe6c7c1f960_0 .net/2u *"_s44", 1 0, L_0x109653b90;  1 drivers
v0x7fe6c7c1fa10_0 .net *"_s46", 7 0, L_0x7fe6c7c2be80;  1 drivers
L_0x109653bd8 .functor BUFT 1, C4<00>, C4<0>, C4<0>, C4<0>;
v0x7fe6c7c1fac0_0 .net/2u *"_s48", 1 0, L_0x109653bd8;  1 drivers
v0x7fe6c7c1fc50_0 .net *"_s50", 7 0, L_0x7fe6c7c2c020;  1 drivers
v0x7fe6c7c1fce0_0 .net *"_s7", 4 0, L_0x7fe6c7c2b230;  1 drivers
v0x7fe6c7c1fd90_0 .net *"_s9", 5 0, L_0x7fe6c7c2b380;  1 drivers
v0x7fe6c7c1fe40 .array "pp", 3 0;
v0x7fe6c7c1fe40_0 .net v0x7fe6c7c1fe40 0, 3 0, L_0x7fe6c7c2a860; 1 drivers
v0x7fe6c7c1fe40_1 .net v0x7fe6c7c1fe40 1, 3 0, L_0x7fe6c7c2ab40; 1 drivers
v0x7fe6c7c1fe40_2 .net v0x7fe6c7c1fe40 2, 3 0, L_0x7fe6c7c2ae40; 1 drivers
v0x7fe6c7c1fe40_3 .net v0x7fe6c7c1fe40 3, 3 0, L_0x7fe6c7c2b120; 1 drivers
v0x7fe6c7c1ff40_0 .net "prod", 7 0, L_0x7fe6c7c2c100;  alias, 1 drivers
v0x7fe6c7c1fff0_0 .net "sum0", 5 0, L_0x7fe6c7c2b740;  1 drivers
v0x7fe6c7c200a0_0 .net "sum1", 5 0, L_0x7fe6c7c2bda0;  1 drivers
v0x7fe6c7c20150_0 .net "x", 3 0, L_0x7fe6c7c2a3f0;  1 drivers
v0x7fe6c7c20200_0 .net "y", 3 0, L_0x7fe6c7c25ad0;  alias, 1 drivers
L_0x7fe6c7c2a6a0 .part L_0x7fe6c7c25ad0, 0, 1;
L_0x7fe6c7c2a8d0 .part L_0x7fe6c7c25ad0, 1, 1;
L_0x7fe6c7c2ac10 .part L_0x7fe6c7c25ad0, 2, 1;
L_0x7fe6c7c2aed0 .part L_0x7fe6c7c25ad0, 3, 1;
L_0x7fe6c7c2b230 .concat [ 4 1 0 0], L_0x7fe6c7c2a860, L_0x109653950;
L_0x7fe6c7c2b380 .concat [ 5 1 0 0], L_0x7fe6c7c2b230, L_0x109653998;
L_0x7fe6c7c2b4a0 .concat [ 1 4 0 0], L_0x1096539e0, L_0x7fe6c7c2ab40;
L_0x7fe6c7c2b620 .concat [ 5 1 0 0], L_0x7fe6c7c2b4a0, L_0x109653a28;
L_0x7fe6c7c2b740 .arith/sum 6, L_0x7fe6c7c2b380, L_0x7fe6c7c2b620;
L_0x7fe6c7c2b8d0 .concat [ 4 1 0 0], L_0x7fe6c7c2ae40, L_0x109653a70;
L_0x7fe6c7c2b9b0 .concat [ 5 1 0 0], L_0x7fe6c7c2b8d0, L_0x109653ab8;
L_0x7fe6c7c2bb30 .concat [ 1 4 0 0], L_0x109653b00, L_0x7fe6c7c2b120;
L_0x7fe6c7c2bc10 .concat [ 5 1 0 0], L_0x7fe6c7c2bb30, L_0x109653b48;
L_0x7fe6c7c2bda0 .arith/sum 6, L_0x7fe6c7c2b9b0, L_0x7fe6c7c2bc10;
L_0x7fe6c7c2be80 .concat [ 6 2 0 0], L_0x7fe6c7c2b740, L_0x109653b90;
L_0x7fe6c7c2c020 .concat [ 2 6 0 0], L_0x109653bd8, L_0x7fe6c7c2bda0;
L_0x7fe6c7c2c100 .arith/sum 8, L_0x7fe6c7c2be80, L_0x7fe6c7c2c020;
S_0x7fe6c7c1e000 .scope generate, "genblk1[0]" "genblk1[0]" 4 10, 4 10 0, S_0x7fe6c7c1de50;
 .timescale 0 0;
P_0x7fe6c7c1e1b0 .param/l "i" 0 4 10, +C4<00>;
L_0x7fe6c7c2a860 .functor AND 4, L_0x7fe6c7c2a740, L_0x7fe6c7c2a3f0, C4<1111>, C4<1111>;
v0x7fe6c7c1e250_0 .net *"_s1", 0 0, L_0x7fe6c7c2a6a0;  1 drivers
v0x7fe6c7c1e300_0 .net *"_s2", 3 0, L_0x7fe6c7c2a740;  1 drivers
L_0x7fe6c7c2a740 .concat [ 1 1 1 1], L_0x7fe6c7c2a6a0, L_0x7fe6c7c2a6a0, L_0x7fe6c7c2a6a0, L_0x7fe6c7c2a6a0;
S_0x7fe6c7c1e3b0 .scope generate, "genblk1[1]" "genblk1[1]" 4 10, 4 10 0, S_0x7fe6c7c1de50;
 .timescale 0 0;
P_0x7fe6c7c1e580 .param/l "i" 0 4 10, +C4<01>;
L_0x7fe6c7c2ab40 .functor AND 4, L_0x7fe6c7c2a9f0, L_0x7fe6c7c2a3f0, C4<1111>, C4<1111>;
v0x7fe6c7c1e610_0 .net *"_s1", 0 0, L_0x7fe6c7c2a8d0;  1 drivers
v0x7fe6c7c1e6c0_0 .net *"_s2", 3 0, L_0x7fe6c7c2a9f0;  1 drivers
L_0x7fe6c7c2a9f0 .concat [ 1 1 1 1], L_0x7fe6c7c2a8d0, L_0x7fe6c7c2a8d0, L_0x7fe6c7c2a8d0, L_0x7fe6c7c2a8d0;
S_0x7fe6c7c1e770 .scope generate, "genblk1[2]" "genblk1[2]" 4 10, 4 10 0, S_0x7fe6c7c1de50;
 .timescale 0 0;
P_0x7fe6c7c1e950 .param/l "i" 0 4 10, +C4<010>;
L_0x7fe6c7c2ae40 .functor AND 4, L_0x7fe6c7c2acb0, L_0x7fe6c7c2a3f0, C4<1111>, C4<1111>;
v0x7fe6c7c1e9e0_0 .net *"_s1", 0 0, L_0x7fe6c7c2ac10;  1 drivers
v0x7fe6c7c1ea90_0 .net *"_s2", 3 0, L_0x7fe6c7c2acb0;  1 drivers
L_0x7fe6c7c2acb0 .concat [ 1 1 1 1], L_0x7fe6c7c2ac10, L_0x7fe6c7c2ac10, L_0x7fe6c7c2ac10, L_0x7fe6c7c2ac10;
S_0x7fe6c7c1eb40 .scope generate, "genblk1[3]" "genblk1[3]" 4 10, 4 10 0, S_0x7fe6c7c1de50;
 .timescale 0 0;
P_0x7fe6c7c1ed00 .param/l "i" 0 4 10, +C4<011>;
L_0x7fe6c7c2b120 .functor AND 4, L_0x7fe6c7c2af70, L_0x7fe6c7c2a3f0, C4<1111>, C4<1111>;
v0x7fe6c7c1eda0_0 .net *"_s1", 0 0, L_0x7fe6c7c2aed0;  1 drivers
v0x7fe6c7c1ee50_0 .net *"_s2", 3 0, L_0x7fe6c7c2af70;  1 drivers
L_0x7fe6c7c2af70 .concat [ 1 1 1 1], L_0x7fe6c7c2aed0, L_0x7fe6c7c2aed0, L_0x7fe6c7c2aed0, L_0x7fe6c7c2aed0;
S_0x7fe6c7c20300 .scope module, "mult4" "MultU4Bits" 3 18, 4 1 0, S_0x7fe6c7c095b0;
 .timescale 0 0;
    .port_info 0 /INPUT 4 "x"
    .port_info 1 /INPUT 4 "y"
    .port_info 2 /OUTPUT 8 "prod"
L_0x109653d40 .functor BUFT 1, C4<0>, C4<0>, C4<0>, C4<0>;
v0x7fe6c7c213a0_0 .net *"_s12", 0 0, L_0x109653d40;  1 drivers
L_0x109653d88 .functor BUFT 1, C4<0>, C4<0>, C4<0>, C4<0>;
v0x7fe6c7c21460_0 .net/2u *"_s14", 0 0, L_0x109653d88;  1 drivers
v0x7fe6c7c21510_0 .net *"_s16", 4 0, L_0x7fe6c7c2d3a0;  1 drivers
v0x7fe6c7c215d0_0 .net *"_s18", 5 0, L_0x7fe6c7c2d520;  1 drivers
L_0x109653dd0 .functor BUFT 1, C4<0>, C4<0>, C4<0>, C4<0>;
v0x7fe6c7c21680_0 .net *"_s21", 0 0, L_0x109653dd0;  1 drivers
L_0x109653e18 .functor BUFT 1, C4<0>, C4<0>, C4<0>, C4<0>;
v0x7fe6c7c21770_0 .net/2u *"_s24", 0 0, L_0x109653e18;  1 drivers
v0x7fe6c7c21820_0 .net *"_s27", 4 0, L_0x7fe6c7c2d7d0;  1 drivers
v0x7fe6c7c218d0_0 .net *"_s29", 5 0, L_0x7fe6c7c2d8b0;  1 drivers
L_0x109653e60 .functor BUFT 1, C4<0>, C4<0>, C4<0>, C4<0>;
v0x7fe6c7c21980_0 .net *"_s32", 0 0, L_0x109653e60;  1 drivers
L_0x109653ea8 .functor BUFT 1, C4<0>, C4<0>, C4<0>, C4<0>;
v0x7fe6c7c21a90_0 .net/2u *"_s34", 0 0, L_0x109653ea8;  1 drivers
v0x7fe6c7c21b40_0 .net *"_s36", 4 0, L_0x7fe6c7c2da30;  1 drivers
v0x7fe6c7c21bf0_0 .net *"_s38", 5 0, L_0x7fe6c7c2db10;  1 drivers
L_0x109653cf8 .functor BUFT 1, C4<0>, C4<0>, C4<0>, C4<0>;
v0x7fe6c7c21ca0_0 .net/2u *"_s4", 0 0, L_0x109653cf8;  1 drivers
L_0x109653ef0 .functor BUFT 1, C4<0>, C4<0>, C4<0>, C4<0>;
v0x7fe6c7c21d50_0 .net *"_s41", 0 0, L_0x109653ef0;  1 drivers
L_0x109653f38 .functor BUFT 1, C4<00>, C4<0>, C4<0>, C4<0>;
v0x7fe6c7c21e00_0 .net/2u *"_s44", 1 0, L_0x109653f38;  1 drivers
v0x7fe6c7c21eb0_0 .net *"_s46", 7 0, L_0x7fe6c7c2dd80;  1 drivers
L_0x109653f80 .functor BUFT 1, C4<00>, C4<0>, C4<0>, C4<0>;
v0x7fe6c7c21f60_0 .net/2u *"_s48", 1 0, L_0x109653f80;  1 drivers
v0x7fe6c7c220f0_0 .net *"_s50", 7 0, L_0x7fe6c7c2df20;  1 drivers
v0x7fe6c7c22180_0 .net *"_s7", 4 0, L_0x7fe6c7c2d130;  1 drivers
v0x7fe6c7c22230_0 .net *"_s9", 5 0, L_0x7fe6c7c2d280;  1 drivers
v0x7fe6c7c222e0 .array "pp", 3 0;
v0x7fe6c7c222e0_0 .net v0x7fe6c7c222e0 0, 3 0, L_0x7fe6c7c2c720; 1 drivers
v0x7fe6c7c222e0_1 .net v0x7fe6c7c222e0 1, 3 0, L_0x7fe6c7c2ca00; 1 drivers
v0x7fe6c7c222e0_2 .net v0x7fe6c7c222e0 2, 3 0, L_0x7fe6c7c2cd00; 1 drivers
v0x7fe6c7c222e0_3 .net v0x7fe6c7c222e0 3, 3 0, L_0x7fe6c7c2d020; 1 drivers
v0x7fe6c7c223e0_0 .net "prod", 7 0, L_0x7fe6c7c2e000;  alias, 1 drivers
v0x7fe6c7c22490_0 .net "sum0", 5 0, L_0x7fe6c7c2d640;  1 drivers
v0x7fe6c7c22540_0 .net "sum1", 5 0, L_0x7fe6c7c2dca0;  1 drivers
v0x7fe6c7c225f0_0 .net "x", 3 0, L_0x7fe6c7c2e600;  1 drivers
v0x7fe6c7c226a0_0 .net "y", 3 0, L_0x7fe6c7c2ea30;  1 drivers
L_0x7fe6c7c2c4f0 .part L_0x7fe6c7c2ea30, 0, 1;
L_0x7fe6c7c2c790 .part L_0x7fe6c7c2ea30, 1, 1;
L_0x7fe6c7c2cad0 .part L_0x7fe6c7c2ea30, 2, 1;
L_0x7fe6c7c2cd90 .part L_0x7fe6c7c2ea30, 3, 1;
L_0x7fe6c7c2d130 .concat [ 4 1 0 0], L_0x7fe6c7c2c720, L_0x109653cf8;
L_0x7fe6c7c2d280 .concat [ 5 1 0 0], L_0x7fe6c7c2d130, L_0x109653d40;
L_0x7fe6c7c2d3a0 .concat [ 1 4 0 0], L_0x109653d88, L_0x7fe6c7c2ca00;
L_0x7fe6c7c2d520 .concat [ 5 1 0 0], L_0x7fe6c7c2d3a0, L_0x109653dd0;
L_0x7fe6c7c2d640 .arith/sum 6, L_0x7fe6c7c2d280, L_0x7fe6c7c2d520;
L_0x7fe6c7c2d7d0 .concat [ 4 1 0 0], L_0x7fe6c7c2cd00, L_0x109653e18;
L_0x7fe6c7c2d8b0 .concat [ 5 1 0 0], L_0x7fe6c7c2d7d0, L_0x109653e60;
L_0x7fe6c7c2da30 .concat [ 1 4 0 0], L_0x109653ea8, L_0x7fe6c7c2d020;
L_0x7fe6c7c2db10 .concat [ 5 1 0 0], L_0x7fe6c7c2da30, L_0x109653ef0;
L_0x7fe6c7c2dca0 .arith/sum 6, L_0x7fe6c7c2d8b0, L_0x7fe6c7c2db10;
L_0x7fe6c7c2dd80 .concat [ 6 2 0 0], L_0x7fe6c7c2d640, L_0x109653f38;
L_0x7fe6c7c2df20 .concat [ 2 6 0 0], L_0x109653f80, L_0x7fe6c7c2dca0;
L_0x7fe6c7c2e000 .arith/sum 8, L_0x7fe6c7c2dd80, L_0x7fe6c7c2df20;
S_0x7fe6c7c204b0 .scope generate, "genblk1[0]" "genblk1[0]" 4 10, 4 10 0, S_0x7fe6c7c20300;
 .timescale 0 0;
P_0x7fe6c7c20660 .param/l "i" 0 4 10, +C4<00>;
L_0x7fe6c7c2c720 .functor AND 4, L_0x7fe6c7c2c590, L_0x7fe6c7c2e600, C4<1111>, C4<1111>;
v0x7fe6c7c206f0_0 .net *"_s1", 0 0, L_0x7fe6c7c2c4f0;  1 drivers
v0x7fe6c7c207a0_0 .net *"_s2", 3 0, L_0x7fe6c7c2c590;  1 drivers
L_0x7fe6c7c2c590 .concat [ 1 1 1 1], L_0x7fe6c7c2c4f0, L_0x7fe6c7c2c4f0, L_0x7fe6c7c2c4f0, L_0x7fe6c7c2c4f0;
S_0x7fe6c7c20850 .scope generate, "genblk1[1]" "genblk1[1]" 4 10, 4 10 0, S_0x7fe6c7c20300;
 .timescale 0 0;
P_0x7fe6c7c20a20 .param/l "i" 0 4 10, +C4<01>;
L_0x7fe6c7c2ca00 .functor AND 4, L_0x7fe6c7c2c870, L_0x7fe6c7c2e600, C4<1111>, C4<1111>;
v0x7fe6c7c20ab0_0 .net *"_s1", 0 0, L_0x7fe6c7c2c790;  1 drivers
v0x7fe6c7c20b60_0 .net *"_s2", 3 0, L_0x7fe6c7c2c870;  1 drivers
L_0x7fe6c7c2c870 .concat [ 1 1 1 1], L_0x7fe6c7c2c790, L_0x7fe6c7c2c790, L_0x7fe6c7c2c790, L_0x7fe6c7c2c790;
S_0x7fe6c7c20c10 .scope generate, "genblk1[2]" "genblk1[2]" 4 10, 4 10 0, S_0x7fe6c7c20300;
 .timescale 0 0;
P_0x7fe6c7c20df0 .param/l "i" 0 4 10, +C4<010>;
L_0x7fe6c7c2cd00 .functor AND 4, L_0x7fe6c7c2cb70, L_0x7fe6c7c2e600, C4<1111>, C4<1111>;
v0x7fe6c7c20e80_0 .net *"_s1", 0 0, L_0x7fe6c7c2cad0;  1 drivers
v0x7fe6c7c20f30_0 .net *"_s2", 3 0, L_0x7fe6c7c2cb70;  1 drivers
L_0x7fe6c7c2cb70 .concat [ 1 1 1 1], L_0x7fe6c7c2cad0, L_0x7fe6c7c2cad0, L_0x7fe6c7c2cad0, L_0x7fe6c7c2cad0;
S_0x7fe6c7c20fe0 .scope generate, "genblk1[3]" "genblk1[3]" 4 10, 4 10 0, S_0x7fe6c7c20300;
 .timescale 0 0;
P_0x7fe6c7c211a0 .param/l "i" 0 4 10, +C4<011>;
L_0x7fe6c7c2d020 .functor AND 4, L_0x7fe6c7c2ceb0, L_0x7fe6c7c2e600, C4<1111>, C4<1111>;
v0x7fe6c7c21240_0 .net *"_s1", 0 0, L_0x7fe6c7c2cd90;  1 drivers
v0x7fe6c7c212f0_0 .net *"_s2", 3 0, L_0x7fe6c7c2ceb0;  1 drivers
L_0x7fe6c7c2ceb0 .concat [ 1 1 1 1], L_0x7fe6c7c2cd90, L_0x7fe6c7c2cd90, L_0x7fe6c7c2cd90, L_0x7fe6c7c2cd90;
    .scope S_0x7fe6c7c08fd0;
T_0 ;
    %pushi/vec4 0, 0, 32;
    %store/vec4 v0x7fe6c7c24d60_0, 0, 32;
T_0.0 ;
    %load/vec4 v0x7fe6c7c24d60_0;
    %cmpi/s 16, 0, 32;
    %jmp/0xz T_0.1, 5;
    %pushi/vec4 0, 0, 32;
    %store/vec4 v0x7fe6c7c24e20_0, 0, 32;
T_0.2 ;
    %load/vec4 v0x7fe6c7c24e20_0;
    %cmpi/s 16, 0, 32;
    %jmp/0xz T_0.3, 5;
    %load/vec4 v0x7fe6c7c24d60_0;
    %pad/s 4;
    %store/vec4 v0x7fe6c7c251b0_0, 0, 4;
    %load/vec4 v0x7fe6c7c24e20_0;
    %pad/s 4;
    %store/vec4 v0x7fe6c7c25260_0, 0, 4;
    %delay 10000, 0;
    %load/vec4 v0x7fe6c7c251b0_0;
    %parti/s 1, 3, 3;
    %replicate 28;
    %load/vec4 v0x7fe6c7c251b0_0;
    %concat/vec4; draw_concat_vec4
    %store/vec4 v0x7fe6c7c24ec0_0, 0, 32;
    %load/vec4 v0x7fe6c7c25260_0;
    %parti/s 1, 3, 3;
    %replicate 28;
    %load/vec4 v0x7fe6c7c25260_0;
    %concat/vec4; draw_concat_vec4
    %store/vec4 v0x7fe6c7c24f70_0, 0, 32;
    %load/vec4 v0x7fe6c7c24ec0_0;
    %load/vec4 v0x7fe6c7c24f70_0;
    %mul;
    %store/vec4 v0x7fe6c7c25020_0, 0, 32;
    %load/vec4 v0x7fe6c7c25110_0;
    %load/vec4 v0x7fe6c7c25020_0;
    %parti/s 8, 0, 2;
    %cmp/ne;
    %jmp/0xz  T_0.4, 4;
    %load/vec4 v0x7fe6c7c251b0_0;
    %load/vec4 v0x7fe6c7c25260_0;
    %load/vec4 v0x7fe6c7c25020_0;
    %load/vec4 v0x7fe6c7c25110_0;
    %vpi_call 2 32 "$display", "%d:%d:prod: (assertion error). Expected %d, found %d", S<3,vec4,s4>, S<2,vec4,s4>, S<1,vec4,s32>, S<0,vec4,s8> {4 0 0};
    %vpi_call 2 34 "$finish" {0 0 0};
T_0.4 ;
    %load/vec4 v0x7fe6c7c24e20_0;
    %addi 1, 0, 32;
    %store/vec4 v0x7fe6c7c24e20_0, 0, 32;
    %jmp T_0.2;
T_0.3 ;
    %load/vec4 v0x7fe6c7c24d60_0;
    %addi 1, 0, 32;
    %store/vec4 v0x7fe6c7c24d60_0, 0, 32;
    %jmp T_0.0;
T_0.1 ;
    %vpi_call 2 39 "$display", "All tests passed." {0 0 0};
    %end;
    .thread T_0;
# The file index is used to find the file name in the following table.
:file_names 5;
    "N/A";
    "<interactive>";
    "./MultS4Bits_tb.v";
    "./MultS4Bits.v";
    "./MultU4Bits.v";
